<?xml version="1.0" encoding="UTF-8"?>
<testsuite xmlns:xsi="http://www.w3.org/2001/XMLSchema-instance" xsi:schemaLocation="https://maven.apache.org/surefire/maven-surefire-plugin/xsd/surefire-test-report.xsd" name="com.graphhopper.storage.GraphStorageViaMMapTest" time="3.589" tests="39" errors="0" skipped="0" failures="0">
  <properties>
    <property name="java.runtime.name" value="Java(TM) SE Runtime Environment"/>
    <property name="sun.boot.library.path" value="/Library/Java/JavaVirtualMachines/jdk1.8.0_171.jdk/Contents/Home/jre/lib"/>
    <property name="java.vm.version" value="25.171-b11"/>
    <property name="gopherProxySet" value="false"/>
    <property name="java.vm.vendor" value="Oracle Corporation"/>
    <property name="maven.multiModuleProjectDirectory" value="/Users/shivek.sacklecha/Desktop/curefit/graphhopper"/>
    <property name="java.vendor.url" value="http://java.oracle.com/"/>
    <property name="path.separator" value=":"/>
    <property name="guice.disable.misplaced.annotation.check" value="true"/>
    <property name="java.vm.name" value="Java HotSpot(TM) 64-Bit Server VM"/>
    <property name="file.encoding.pkg" value="sun.io"/>
    <property name="user.country" value="IN"/>
    <property name="sun.java.launcher" value="SUN_STANDARD"/>
    <property name="sun.os.patch.level" value="unknown"/>
    <property name="java.vm.specification.name" value="Java Virtual Machine Specification"/>
    <property name="user.dir" value="/Users/shivek.sacklecha/Desktop/curefit/graphhopper"/>
    <property name="java.runtime.version" value="1.8.0_171-b11"/>
    <property name="java.awt.graphicsenv" value="sun.awt.CGraphicsEnvironment"/>
    <property name="java.endorsed.dirs" value="/Library/Java/JavaVirtualMachines/jdk1.8.0_171.jdk/Contents/Home/jre/lib/endorsed"/>
    <property name="os.arch" value="x86_64"/>
    <property name="java.io.tmpdir" value="/var/folders/cb/s11nlhrd7q9740z6rjd1fz3xjg446p/T/"/>
    <property name="line.separator" value="&#10;"/>
    <property name="java.vm.specification.vendor" value="Oracle Corporation"/>
    <property name="os.name" value="Mac OS X"/>
    <property name="classworlds.conf" value="/usr/local/Cellar/maven/3.5.4/libexec/bin/m2.conf"/>
    <property name="sun.jnu.encoding" value="UTF-8"/>
    <property name="java.library.path" value="/Users/shivek.sacklecha/Library/Java/Extensions:/Library/Java/Extensions:/Network/Library/Java/Extensions:/System/Library/Java/Extensions:/usr/lib/java:."/>
    <property name="maven.conf" value="/usr/local/Cellar/maven/3.5.4/libexec/conf"/>
    <property name="java.specification.name" value="Java Platform API Specification"/>
    <property name="java.class.version" value="52.0"/>
    <property name="sun.management.compiler" value="HotSpot 64-Bit Tiered Compilers"/>
    <property name="os.version" value="10.13.3"/>
    <property name="library.jansi.path" value="/usr/local/Cellar/maven/3.5.4/libexec/lib/jansi-native"/>
    <property name="user.home" value="/Users/shivek.sacklecha"/>
    <property name="user.timezone" value="Asia/Kolkata"/>
    <property name="java.awt.printerjob" value="sun.lwawt.macosx.CPrinterJob"/>
    <property name="java.specification.version" value="1.8"/>
    <property name="file.encoding" value="UTF-8"/>
    <property name="user.name" value="shivek.sacklecha"/>
    <property name="java.class.path" value="/usr/local/Cellar/maven/3.5.4/libexec/boot/plexus-classworlds-2.5.2.jar"/>
    <property name="java.vm.specification.version" value="1.8"/>
    <property name="sun.arch.data.model" value="64"/>
    <property name="java.home" value="/Library/Java/JavaVirtualMachines/jdk1.8.0_171.jdk/Contents/Home/jre"/>
    <property name="sun.java.command" value="org.codehaus.plexus.classworlds.launcher.Launcher clean install"/>
    <property name="java.specification.vendor" value="Oracle Corporation"/>
    <property name="user.language" value="en"/>
    <property name="awt.toolkit" value="sun.lwawt.macosx.LWCToolkit"/>
    <property name="java.vm.info" value="mixed mode"/>
    <property name="java.version" value="1.8.0_171"/>
    <property name="java.ext.dirs" value="/Users/shivek.sacklecha/Library/Java/Extensions:/Library/Java/JavaVirtualMachines/jdk1.8.0_171.jdk/Contents/Home/jre/lib/ext:/Library/Java/Extensions:/Network/Library/Java/Extensions:/System/Library/Java/Extensions:/usr/lib/java"/>
    <property name="sun.boot.class.path" value="/Library/Java/JavaVirtualMachines/jdk1.8.0_171.jdk/Contents/Home/jre/lib/resources.jar:/Library/Java/JavaVirtualMachines/jdk1.8.0_171.jdk/Contents/Home/jre/lib/rt.jar:/Library/Java/JavaVirtualMachines/jdk1.8.0_171.jdk/Contents/Home/jre/lib/sunrsasign.jar:/Library/Java/JavaVirtualMachines/jdk1.8.0_171.jdk/Contents/Home/jre/lib/jsse.jar:/Library/Java/JavaVirtualMachines/jdk1.8.0_171.jdk/Contents/Home/jre/lib/jce.jar:/Library/Java/JavaVirtualMachines/jdk1.8.0_171.jdk/Contents/Home/jre/lib/charsets.jar:/Library/Java/JavaVirtualMachines/jdk1.8.0_171.jdk/Contents/Home/jre/lib/jfr.jar:/Library/Java/JavaVirtualMachines/jdk1.8.0_171.jdk/Contents/Home/jre/classes"/>
    <property name="java.vendor" value="Oracle Corporation"/>
    <property name="maven.home" value="/usr/local/Cellar/maven/3.5.4/libexec"/>
    <property name="file.separator" value="/"/>
    <property name="java.vendor.url.bug" value="http://bugreport.sun.com/bugreport/"/>
    <property name="sun.cpu.endian" value="little"/>
    <property name="sun.io.unicode.encoding" value="UnicodeBig"/>
    <property name="sun.cpu.isalist" value=""/>
  </properties>
  <testcase name="testDetachEdge" classname="com.graphhopper.storage.GraphStorageViaMMapTest" time="0.096"/>
  <testcase name="testUnidirectionalEdgeFilter" classname="com.graphhopper.storage.GraphStorageViaMMapTest" time="0.079"/>
  <testcase name="testDontGrowOnUpdate" classname="com.graphhopper.storage.GraphStorageViaMMapTest" time="0.079"/>
  <testcase name="testDeleteNodeForUnidir" classname="com.graphhopper.storage.GraphStorageViaMMapTest" time="0.094"/>
  <testcase name="testIdenticalNodes2" classname="com.graphhopper.storage.GraphStorageViaMMapTest" time="0.08"/>
  <testcase name="testClone" classname="com.graphhopper.storage.GraphStorageViaMMapTest" time="0.173"/>
  <testcase name="testEdges" classname="com.graphhopper.storage.GraphStorageViaMMapTest" time="0.088"/>
  <testcase name="testFlags" classname="com.graphhopper.storage.GraphStorageViaMMapTest" time="0.089"/>
  <testcase name="testGetAllEdges" classname="com.graphhopper.storage.GraphStorageViaMMapTest" time="0.092"/>
  <testcase name="testFootMix" classname="com.graphhopper.storage.GraphStorageViaMMapTest" time="0.084"/>
  <testcase name="testUpdateUnidirectional" classname="com.graphhopper.storage.GraphStorageViaMMapTest" time="0.076"/>
  <testcase name="testDeleteAndOptimize" classname="com.graphhopper.storage.GraphStorageViaMMapTest" time="0.09"/>
  <testcase name="test8BytesFlags" classname="com.graphhopper.storage.GraphStorageViaMMapTest" time="0.002"/>
  <testcase name="testSimpleDelete" classname="com.graphhopper.storage.GraphStorageViaMMapTest" time="0.089"/>
  <testcase name="testComplexDeleteNode" classname="com.graphhopper.storage.GraphStorageViaMMapTest" time="0.092"/>
  <testcase name="testGetLocations" classname="com.graphhopper.storage.GraphStorageViaMMapTest" time="0.158"/>
  <testcase name="testGetAllEdgesWithDelete" classname="com.graphhopper.storage.GraphStorageViaMMapTest" time="0.095"/>
  <testcase name="testDozendEdges" classname="com.graphhopper.storage.GraphStorageViaMMapTest" time="0.087"/>
  <testcase name="testIdenticalNodes" classname="com.graphhopper.storage.GraphStorageViaMMapTest" time="0.083"/>
  <testcase name="testAddLocation" classname="com.graphhopper.storage.GraphStorageViaMMapTest" time="0.089"/>
  <testcase name="testComplexDeleteNode2" classname="com.graphhopper.storage.GraphStorageViaMMapTest" time="0.095"/>
  <testcase name="testEdgeProperties" classname="com.graphhopper.storage.GraphStorageViaMMapTest" time="0.097"/>
  <testcase name="testEnabledElevation" classname="com.graphhopper.storage.GraphStorageViaMMapTest" time="0.078"/>
  <testcase name="testSetTooBigDistance_435" classname="com.graphhopper.storage.GraphStorageViaMMapTest" time="0.08"/>
  <testcase name="testPropertiesWithNoInit" classname="com.graphhopper.storage.GraphStorageViaMMapTest" time="0.083"/>
  <testcase name="testCheckFirstNode" classname="com.graphhopper.storage.GraphStorageViaMMapTest" time="0.086"/>
  <testcase name="testUnidirectional" classname="com.graphhopper.storage.GraphStorageViaMMapTest" time="0.083"/>
  <testcase name="testBounds" classname="com.graphhopper.storage.GraphStorageViaMMapTest" time="0.08"/>
  <testcase name="testCopyTo" classname="com.graphhopper.storage.GraphStorageViaMMapTest" time="0.244"/>
  <testcase name="testSimpleDelete2" classname="com.graphhopper.storage.GraphStorageViaMMapTest" time="0.095"/>
  <testcase name="testSimpleDelete3" classname="com.graphhopper.storage.GraphStorageViaMMapTest" time="0.097"/>
  <testcase name="testCreateDuplicateEdges" classname="com.graphhopper.storage.GraphStorageViaMMapTest" time="0.081"/>
  <testcase name="testEdgeReturn" classname="com.graphhopper.storage.GraphStorageViaMMapTest" time="0.081"/>
  <testcase name="testCreateLocation" classname="com.graphhopper.storage.GraphStorageViaMMapTest" time="0.08"/>
  <testcase name="testPillarNodes" classname="com.graphhopper.storage.GraphStorageViaMMapTest" time="0.083"/>
  <testcase name="testNameIndex" classname="com.graphhopper.storage.GraphStorageViaMMapTest" time="0.082"/>
  <testcase name="testCopyProperties" classname="com.graphhopper.storage.GraphStorageViaMMapTest" time="0.081"/>
  <testcase name="testDirectional" classname="com.graphhopper.storage.GraphStorageViaMMapTest" time="0.082"/>
  <testcase name="testSetNodes" classname="com.graphhopper.storage.GraphStorageViaMMapTest" time="0.08"/>
</testsuite>